1560306881966	mozrunner::runner	INFO	Running command: "C:\\Program Files\\Mozilla Firefox\\firefox.exe" "-marionette" "-foreground" "-no-remote" "-profile" "C:\\Users\\ADMINI~1\\AppData\\Local\\Temp\\rust_mozprofile.KZjwWhrYbI32"
1560306882667	addons.webextension.screenshots@mozilla.org	WARN	Loading extension 'screenshots@mozilla.org': Reading manifest: Invalid extension permission: mozillaAddons
1560306882667	addons.webextension.screenshots@mozilla.org	WARN	Loading extension 'screenshots@mozilla.org': Reading manifest: Invalid extension permission: resource://pdf.js/
1560306882667	addons.webextension.screenshots@mozilla.org	WARN	Loading extension 'screenshots@mozilla.org': Reading manifest: Invalid extension permission: about:reader*
1560306884019	Marionette	INFO	Listening on port 54422
1560306884120	Marionette	WARN	TLS certificate errors will be ignored for this session
[Parent 27056, Gecko_IOThread] WARNING: pipe error: 109: file z:/task_1559133213/build/src/ipc/chromium/src/chrome/common/ipc_channel_win.cc, line 341
[Parent 27056, Gecko_IOThread] WARNING: pipe error: 109: file z:/task_1559133213/build/src/ipc/chromium/src/chrome/common/ipc_channel_win.cc, line 341
[Child 29652, Chrome_ChildThread] WARNING: pipe error: 109: file z:/task_1559133213/build/src/ipc/chromium/src/chrome/common/ipc_channel_win.cc, line 341
[Child 29652, Chro[Parent 27056, Gecko_IOThread] WARNING: pipe error: 109: file z:/task_1559133213/build/src/ipc/chromium/src/chrome/common/ipc_channel_win.cc, line 341
[Child 11132, Chrome_ChildThread] WARNING: pipe error: 109: file z:/task_1559133213/build/src/ipc/chromium/src/chrome/common/ipc_channel_win.cc, line 341
[Child 11132, Chrome_ChildThread] 1560306960776	Marionette	INFO	Stopped listening on port 54422

###!!! [Child][RunMessage] Error: Channel closing: too late to send/recv, messages will be lost

[GPU 13452, Chrome_ChildThread] WA
###!!! [Child][MessageChannel::SendAndWait] Error: Channel error: cannot send/recv

1560306968043	mozrunner::runner	INFO	Running command: "C:\\Program Files\\Mozilla Firefox\\firefox.exe" "-marionette" "-foreground" "-no-remote" "-profile" "C:\\Users\\ADMINI~1\\AppData\\Local\\Temp\\rust_mozprofile.Y46PfRfPGgk9"
1560306968357	addons.webextension.screenshots@mozilla.org	WARN	Loading extension 'screenshots@mozilla.org': Reading manifest: Invalid extension permission: mozillaAddons
1560306968357	addons.webextension.screenshots@mozilla.org	WARN	Loading extension 'screenshots@mozilla.org': Reading manifest: Invalid extension permission: resource://pdf.js/
1560306968357	addons.webextension.screenshots@mozilla.org	WARN	Loading extension 'screenshots@mozilla.org': Reading manifest: Invalid extension permission: about:reader*
1560306969520	Marionette	INFO	Listening on port 54793
1560306969656	Marionette	WARN	TLS certificate errors will be ignored for this session
[Parent 5792, Gecko_IOThread] WARNING: pipe error: 109: file z:/task_1559133213/build/src/ipc/chromium/src/chrome/common/ipc_channel_win.cc, line 341
[Parent 5792, Gecko_IOThread] WARNING: pipe error: 109: file z:/task_1559133213/build/src/ipc/chromium/src/chrome/common/ipc_channel_win.cc, line 341
[Child 20676, Chrome_ChildThread] WARNING: pipe error: 109: file z:/task_1559133213/build/src/ipc/chromium/src/chrome/common/ipc_channel_win.cc, line 341
[Child 20676, Chrome_[Child 22216, Chrome_ChildThread] WARNING: pipe error: 109: file z:/task_1559133213/build/src/ipc/chromium/src/chrome/common/ipc_channel_win.cc, line 341
[Child 22216, Chrome_ChildThread] WA[Parent 5792, Gecko_IOThread] WARNING: pipe error: 109: file z:/task_1559133213/build/src/ipc/chromium/src/chrome/common/ipc_channel_win.cc, line 341
[Child 16064, Chrome_ChildThread] WARNING: pipe error: 109: file z:/task_1559133213/build/src/ipc/chromium/src/chrome/common/ipc_channel_win.cc, line 341
[Child 16064, Chrome_ChildThr1560306972689	Marionette	INFO	Stopped listening on port 54793

###!!! [Child][RunMessage] Error: Channel closing: too late to send/recv, messages will be lost

[GPU 28692, Ch
###!!! [Child][MessageChannel::SendAndWait] Error: Channel error: cannot send/recv

1560307251054	mozrunner::runner	INFO	Running command: "C:\\Program Files\\Mozilla Firefox\\firefox.exe" "-marionette" "-foreground" "-no-remote" "-profile" "C:\\Users\\ADMINI~1\\AppData\\Local\\Temp\\rust_mozprofile.cBa3zWPTYVds"
1560307251385	addons.webextension.screenshots@mozilla.org	WARN	Loading extension 'screenshots@mozilla.org': Reading manifest: Invalid extension permission: mozillaAddons
1560307251385	addons.webextension.screenshots@mozilla.org	WARN	Loading extension 'screenshots@mozilla.org': Reading manifest: Invalid extension permission: resource://pdf.js/
1560307251385	addons.webextension.screenshots@mozilla.org	WARN	Loading extension 'screenshots@mozilla.org': Reading manifest: Invalid extension permission: about:reader*
1560307252587	Marionette	INFO	Listening on port 55848
1560307252673	Marionette	WARN	TLS certificate errors will be ignored for this session
1560307257360	Marionette	INFO	Stopped listening on port 55848
[Parent 28520, Gecko_IOThread] WARNING: pipe error: 109: file z:/task_1559133213/build/src/ipc/chromium/src/chrome/common/ipc_channel_win.cc, line 341
[Child 5736, Chrome_ChildThread] WARNING: pipe error: 109: file z:/task_1559133213/build/src/ipc/chromium/src/chrome/common/ipc_channel_win.cc, line 341
[Child 5736, Chrome_C[Parent 28520, Gecko_IOThread] WARNING: pipe error: 109: file z:/task_1559133213/build/src/ipc/chromium/src/chrome/common/ipc_channel_win.cc, line 341
[Child 27064, Chrome_ChildThread] WARNING: pipe error: 109: file z:/task_1559133213/build/src/ipc/chromium/src/chrome/common/ipc_channel_win.cc, line 341
[Child 27064, Chrome_ChildThread] WARNING: pipe error: 109: file z:/task_1559133213/build/src/ipc/chrom[GPU 15612, Chrome_ChildThread] 
###!!! [Child][RunMessage] Error: Channel closing: too late to send/recv, messages will be lost


###!!! [Child][MessageChannel::SendAndWait] Error: Channel error: cannot send/recv

1560317926053	mozrunner::runner	INFO	Running command: "C:\\Program Files\\Mozilla Firefox\\firefox.exe" "-marionette" "-foreground" "-no-remote" "-profile" "C:\\Users\\ADMINI~1\\AppData\\Local\\Temp\\rust_mozprofile.PZsTT3Eo0CzI"
1560317926380	addons.webextension.screenshots@mozilla.org	WARN	Loading extension 'screenshots@mozilla.org': Reading manifest: Invalid extension permission: mozillaAddons
1560317926381	addons.webextension.screenshots@mozilla.org	WARN	Loading extension 'screenshots@mozilla.org': Reading manifest: Invalid extension permission: resource://pdf.js/
1560317926381	addons.webextension.screenshots@mozilla.org	WARN	Loading extension 'screenshots@mozilla.org': Reading manifest: Invalid extension permission: about:reader*
1560317927576	Marionette	INFO	Listening on port 56022
1560317927678	Marionette	WARN	TLS certificate errors will be ignored for this session
[Parent 20964, Gecko_IOThread] WARNING: pipe error: 109: file z:/task_1559133213/build/src/ipc/chromium/src/chrome/common/ipc_channel_win.cc, line 341
[Parent 20964, Gecko_IOThread] WARNING: pipe error: 109: file z:/task_1559133213/build/src/ipc/chromium/src/chrome/common/ipc_channel_win.cc, line 341
[Child 28216, Chrome_ChildThread] WARNING: pipe error: 109: file z:/task_1559133213/build/src/ipc/chromium/src/chrome/common/ipc_channel_win.cc, line 341
[Child 28216, Chrome_ChildThread] WARNIN[Child 2220, Chrome_ChildThread] WARNING: pipe error: 109: file z:/task_1559133213/build/src/ipc/chromium/src/chrome/common/ipc_channel_win.cc, line 341
[Child 2220, Chrome_ChildThread] WARNING: pipe error: 109: file z:/task_1559133213/build/src/ipc/chromium/src/chrome/common/ipc_channel_win.cc, line 341
[Parent 20964, Gecko_IOThread] WARNING: pipe error: 109: file z:/task_1559133213/build/src/ipc/chromium/src/chrome/common/ipc_channel_win.cc, line 341
[Child 10652, Chrome_ChildThread] WARNING: pipe error: 109: file z:/task_1559133213/build/src/ipc/chromium/src/chrome/common/ipc_channel_win.cc, line 341
[Child 10652, Chrome_ChildThread] WARNING: pipe error: 109: file 1560318190040	Marionette	INFO	Stopped listening on port 56022

###!!! [Child][RunMessage] Error: Channel closing: too late to send/recv, messages will be lost

[GPU 12980, Chro
###!!! [Child][MessageChannel::SendAndWait] Error: Channel error: cannot send/recv

1560328540032	mozrunner::runner	INFO	Running command: "C:\\Program Files\\Mozilla Firefox\\firefox.exe" "-marionette" "-foreground" "-no-remote" "-profile" "C:\\Users\\ADMINI~1\\AppData\\Local\\Temp\\rust_mozprofile.Ot8Y8W2uYLrw"
1560328540377	addons.webextension.screenshots@mozilla.org	WARN	Loading extension 'screenshots@mozilla.org': Reading manifest: Invalid extension permission: mozillaAddons
1560328540378	addons.webextension.screenshots@mozilla.org	WARN	Loading extension 'screenshots@mozilla.org': Reading manifest: Invalid extension permission: resource://pdf.js/
1560328540378	addons.webextension.screenshots@mozilla.org	WARN	Loading extension 'screenshots@mozilla.org': Reading manifest: Invalid extension permission: about:reader*
1560328541659	Marionette	INFO	Listening on port 51607
1560328542147	Marionette	WARN	TLS certificate errors will be ignored for this session
[Parent 23188, Gecko_IOThread] WARNING: pipe error: 109: file z:/task_1559133213/build/src/ipc/chromium/src/chrome/common/ipc_channel_win.cc, line 341
[Parent 23188, Gecko_IOThread] WARNING: pipe error: 109: file z:/task_1559133213/build/src/ipc/chromium/src/chrome/common/ipc_channel_win.cc, line 341
[Child 16152, Chrome_ChildThread] WARNING: pipe error: 109: file z:/task_1559133213/build/src/ipc/chromium/src/chrome/common/ipc_channel_win.cc, line 341
[Child 16152, Chro[Child 15392, Chrome_ChildThread] WARNING: pipe error: 109: file z:/task_1559133213/build/src/ipc/chromium/src/chrome/common/ipc_channel_win.cc, line 341
[Child 15392, Chrome_ChildThread] WARNING: pipe error: 109: file z:/task_1559133213/build/src/ipc/chromium/src/chrome/common/ipc_channel_win.cc, line 341
[Parent 23188, Gecko_IOThread] WARNING: pipe error: 109: file z:/task_1559133213/build/src/ipc/chromium/src/chrome/common/ipc_channel_win.cc, line 341
[Child 22760, Chrome_ChildThread] WARNING: pipe error: 109: file z:/task_1559133213/build/src/ipc/chromium/src/chrome/common/ipc_channel_win.cc, line 341
[Child 22760, Chrome_ChildThread] WARNING: pipe error: 109: file z:/task_1559133213/1560328586988	Marionette	INFO	Stopped listening on port 51607
[GPU 28108, Ch
###!!! [Child][MessageChannel::SendAndWait] Error: Channel error: cannot send/recv

1560328754515	mozrunner::runner	INFO	Running command: "C:\\Program Files\\Mozilla Firefox\\firefox.exe" "-marionette" "-foreground" "-no-remote" "-profile" "C:\\Users\\ADMINI~1\\AppData\\Local\\Temp\\rust_mozprofile.qZTwugaMkUc3"
1560328754854	addons.webextension.screenshots@mozilla.org	WARN	Loading extension 'screenshots@mozilla.org': Reading manifest: Invalid extension permission: mozillaAddons
1560328754854	addons.webextension.screenshots@mozilla.org	WARN	Loading extension 'screenshots@mozilla.org': Reading manifest: Invalid extension permission: resource://pdf.js/
1560328754854	addons.webextension.screenshots@mozilla.org	WARN	Loading extension 'screenshots@mozilla.org': Reading manifest: Invalid extension permission: about:reader*
1560328756073	Marionette	INFO	Listening on port 52845
1560328756132	Marionette	WARN	TLS certificate errors will be ignored for this session
console.error: BroadcastService: 
  receivedBroadcastMessage: handler for
  remote-settings/monitor_changes
  threw error:
  Message: Error: Polling for changes failed: http://%(server)s/dummy/blocklist//buckets/monitor/collections/changes/records?_expected=%221560280104202%22 is not a valid URL..
  Stack:
    remoteSettingsFunction/remoteSettings.pollChanges@resource://services-settings/remote-settings.js:203:13

[Parent 14872, Gecko_IOThread] WARNING: pipe error: 109: file z:/task_1559133213/build/src/ipc/chromium/src/chrome/common/ipc_channel_win.cc, line 341
[Parent 14872, Gecko_IOThread] WARNING: pipe error: 109: file z:/task_1559133213/build/src/ipc/chromium/src/chrome/common/ipc_channel_win.cc, line 341
[Child 4656, Chrome_ChildThread] WARNING: pipe error: 109: file z:/task_1559133213/build/src/ipc/chromium/src/chrome/common/ipc_channel_win.cc, line 341
[Child 4656, Chrome_ChildThread] WARNING: pipe error: [Parent 14872, Gecko_IOThread] WARNING: pipe error: 109: file z:/task_1559133213/build/src/ipc/chromium/src/chrome/common/ipc_channel_win.cc, line 341
[Child 20408, Chrome_ChildThread] WARNING: pipe error: 109: file z:/task_1559133213/build/src/ipc/chromium/src/chrome/common/ipc_channel_win.cc, line 341
[Child 20408, Chrome_ChildThread] WARNING: pipe error: 109: file z:/task_1559133213/build/src/ipc/chromium/src/chrome/common/ipc_channel_win.cc, line 341
1560331790099	Marionette	INFO	Stopped listening on port 52845

###!!! [Child][RunMessage] Error: Channel closing: too late to send/recv, messages will be lost


###!!! [Child][MessageChannel::SendAndWait] Error: Channel error: cannot send/recv

] WARNING: pipe error: 109: file z:/task_1559133213/build/src/ipc/chromium/src/chrome/common/ipc_channel_win.cc, line 341
[Child 11416, Chrome_ChildThread] WARNING: pipe error: 109[Parent 25124, Gecko_IOThread] WARNING: pipe error: 109: file z:/task_1559133213/build/src/ipc/chromium/src/chrome/common/ipc_channel_win.cc, line 341
[Child 15144, Chrome_ChildThread] WARNING: pipe error: 109: file z:/task_1559133213/build/src/ipc/chromium/src/chrome/common/ipc_channel_win.cc, line 341
[Child 15144, Chrome_ChildThread] WARNING: pipe error:1560331788519	Marionette	INFO	Stopped listening on port 53196

###!!! [Child][RunMessage] Error: Channel closing: too late to send/recv, messages will be lost

[GPU 9360, Chrome_ChildThread] WARNING: pipe error: 109: file z:/task_1559133213
###!!! [Child][MessageChannel::SendAndWait] Error: Channel error: cannot send/recv

